<?xml version="1.0" encoding="UTF-8"?>
<!-- Generated by org.testng.reporters.JUnitReportReporter -->
<testsuite hostname="LAPTOP-CF3E3LQS" name="ces_testng.CES_Main" tests="1" failures="0" timestamp="17 May 2019 04:28:12 GMT" time="32.093" errors="0">
  <testcase name="create_sales_order" time="32.093" classname="ces_testng.CES_Main"/>
</testsuite> <!-- ces_testng.CES_Main -->
